
Solving Air Cargo Problem 3 using depth_first_graph_search...

Expansions   Goal Tests   New Nodes
   627         628         5176   

Plan length: 596  Time elapsed in seconds: 2.7270498379366472
Fly(P1, SFO, ORD)
Fly(P2, JFK, ORD)
Fly(P1, ORD, ATL)
Fly(P2, ORD, ATL)
Fly(P1, ATL, JFK)
Fly(P2, ATL, SFO)
Load(P2, SFO, C1)
Fly(P2, SFO, ORD)
Fly(P1, JFK, ORD)
Fly(P2, ORD, ATL)
Fly(P1, ORD, ATL)
Fly(P2, ATL, JFK)
Fly(P1, ATL, SFO)
Unload(P2, JFK, C1)
Fly(P1, SFO, ORD)
Fly(P2, JFK, ORD)
Fly(P1, ORD, ATL)
Fly(P2, ORD, ATL)
Fly(P1, ATL, JFK)
Fly(P2, ATL, SFO)
Load(P1, JFK, C2)
Fly(P2, SFO, ORD)
Fly(P1, JFK, ORD)
Fly(P2, ORD, ATL)
Fly(P1, ORD, ATL)
Fly(P2, ATL, JFK)
Fly(P1, ATL, SFO)
Unload(P1, SFO, C2)
Fly(P1, SFO, ORD)
Fly(P2, JFK, ORD)
Fly(P1, ORD, ATL)
Fly(P2, ORD, ATL)
Fly(P1, ATL, JFK)
Fly(P2, ATL, SFO)
Load(P2, SFO, C2)
Fly(P2, SFO, ORD)
Fly(P1, JFK, ORD)
Fly(P2, ORD, ATL)
Fly(P1, ORD, ATL)
Fly(P2, ATL, JFK)
Load(P1, ATL, C3)
Fly(P1, ATL, ORD)
Fly(P2, JFK, ORD)
Fly(P1, ORD, SFO)
Fly(P2, ORD, ATL)
Fly(P1, SFO, JFK)
Fly(P2, ATL, SFO)
Unload(P2, SFO, C2)
Fly(P2, SFO, ORD)
Fly(P1, JFK, ORD)
Fly(P2, ORD, ATL)
Fly(P1, ORD, SFO)
Fly(P2, ATL, JFK)
Fly(P1, SFO, ATL)
Load(P2, JFK, C1)
Fly(P1, ATL, ORD)
Fly(P2, JFK, ORD)
Fly(P1, ORD, SFO)
Fly(P2, ORD, ATL)
Fly(P1, SFO, JFK)
Fly(P2, ATL, SFO)
Unload(P2, SFO, C1)
Fly(P2, SFO, ORD)
Fly(P1, JFK, ORD)
Fly(P2, ORD, ATL)
Fly(P1, ORD, ATL)
Fly(P2, ATL, JFK)
Fly(P1, ATL, SFO)
Unload(P1, SFO, C3)
Fly(P1, SFO, ORD)
Fly(P2, JFK, ORD)
Fly(P1, ORD, ATL)
Fly(P2, ORD, ATL)
Fly(P1, ATL, JFK)
Fly(P2, ATL, SFO)
Load(P2, SFO, C3)
Fly(P2, SFO, ORD)
Fly(P1, JFK, ORD)
Fly(P2, ORD, ATL)
Fly(P1, ORD, ATL)
Fly(P2, ATL, JFK)
Fly(P1, ATL, SFO)
Unload(P2, JFK, C3)
Fly(P1, SFO, ORD)
Fly(P2, JFK, ORD)
Fly(P1, ORD, ATL)
Fly(P2, ORD, SFO)
Load(P2, SFO, C2)
Fly(P1, ATL, ORD)
Fly(P2, SFO, ORD)
Fly(P1, ORD, SFO)
Fly(P2, ORD, ATL)
Fly(P1, SFO, JFK)
Fly(P2, ATL, JFK)
Unload(P2, JFK, C2)
Fly(P2, JFK, ORD)
Fly(P1, JFK, ORD)
Fly(P2, ORD, ATL)
Fly(P1, ORD, ATL)
Fly(P2, ATL, SFO)
Fly(P1, ATL, SFO)
Load(P2, SFO, C1)
Fly(P2, SFO, ORD)
Fly(P1, SFO, ORD)
Fly(P2, ORD, ATL)
Fly(P1, ORD, ATL)
Fly(P2, ATL, JFK)
Fly(P1, ATL, JFK)
Unload(P2, JFK, C1)
Fly(P2, JFK, ORD)
Fly(P1, JFK, ORD)
Fly(P2, ORD, ATL)
Load(P1, ORD, C4)
Fly(P1, ORD, ATL)
Fly(P2, ATL, ORD)
Fly(P1, ATL, SFO)
Fly(P2, ORD, SFO)
Fly(P1, SFO, JFK)
Fly(P2, SFO, JFK)
Unload(P1, JFK, C4)
Fly(P2, JFK, ORD)
Load(P1, JFK, C3)
Fly(P2, ORD, ATL)
Fly(P1, JFK, ORD)
Fly(P2, ATL, SFO)
Fly(P1, ORD, ATL)
Fly(P2, SFO, JFK)
Fly(P1, ATL, SFO)
Unload(P1, SFO, C3)
Fly(P1, SFO, ORD)
Fly(P2, JFK, ORD)
Fly(P1, ORD, ATL)
Fly(P2, ORD, ATL)
Fly(P1, ATL, JFK)
Fly(P2, ATL, SFO)
Load(P2, SFO, C3)
Fly(P2, SFO, ORD)
Fly(P1, JFK, ORD)
Fly(P2, ORD, ATL)
Fly(P1, ORD, ATL)
Fly(P2, ATL, JFK)
Fly(P1, ATL, SFO)
Load(P2, JFK, C4)
Fly(P1, SFO, ORD)
Fly(P2, JFK, ORD)
Fly(P1, ORD, ATL)
Fly(P2, ORD, ATL)
Fly(P1, ATL, JFK)
Fly(P2, ATL, SFO)
Unload(P2, SFO, C4)
Fly(P2, SFO, ORD)
Fly(P1, JFK, ORD)
Fly(P2, ORD, ATL)
Fly(P1, ORD, ATL)
Fly(P2, ATL, JFK)
Fly(P1, ATL, SFO)
Unload(P2, JFK, C3)
Fly(P1, SFO, ORD)
Fly(P2, JFK, ORD)
Fly(P1, ORD, ATL)
Fly(P2, ORD, ATL)
Fly(P1, ATL, JFK)
Fly(P2, ATL, SFO)
Load(P2, SFO, C4)
Fly(P2, SFO, ATL)
Fly(P1, JFK, ORD)
Unload(P2, ATL, C4)
Fly(P1, ORD, SFO)
Fly(P2, ATL, ORD)
Fly(P1, SFO, JFK)
Fly(P2, ORD, SFO)
Fly(P1, JFK, ATL)
Fly(P2, SFO, JFK)
Load(P2, JFK, C3)
Fly(P1, ATL, ORD)
Fly(P2, JFK, ORD)
Fly(P1, ORD, SFO)
Fly(P2, ORD, ATL)
Unload(P2, ATL, C3)
Fly(P2, ATL, ORD)
Fly(P1, SFO, ORD)
Fly(P2, ORD, SFO)
Fly(P1, ORD, ATL)
Fly(P2, SFO, JFK)
Fly(P1, ATL, JFK)
Load(P2, JFK, C2)
Fly(P2, JFK, ORD)
Fly(P1, JFK, ORD)
Fly(P2, ORD, ATL)
Fly(P1, ORD, ATL)
Fly(P2, ATL, SFO)
Fly(P1, ATL, SFO)
Unload(P2, SFO, C2)
Fly(P2, SFO, ORD)
Fly(P1, SFO, ORD)
Fly(P2, ORD, ATL)
Fly(P1, ORD, ATL)
Fly(P2, ATL, JFK)
Fly(P1, ATL, JFK)
Load(P2, JFK, C1)
Fly(P2, JFK, ORD)
Fly(P1, JFK, ORD)
Fly(P2, ORD, ATL)
Fly(P1, ORD, ATL)
Fly(P2, ATL, SFO)
Fly(P1, ATL, SFO)
Unload(P2, SFO, C1)
Fly(P2, SFO, ORD)
Fly(P1, SFO, ORD)
Fly(P2, ORD, ATL)
Fly(P1, ORD, ATL)
Fly(P2, ATL, JFK)
Load(P1, ATL, C4)
Fly(P1, ATL, ORD)
Fly(P2, JFK, ORD)
Fly(P1, ORD, SFO)
Fly(P2, ORD, ATL)
Fly(P1, SFO, JFK)
Fly(P2, ATL, SFO)
Unload(P1, JFK, C4)
Fly(P2, SFO, ORD)
Fly(P1, JFK, ORD)
Fly(P2, ORD, ATL)
Fly(P1, ORD, ATL)
Fly(P2, ATL, JFK)
Fly(P1, ATL, SFO)
Load(P1, SFO, C2)
Fly(P1, SFO, ORD)
Fly(P2, JFK, ORD)
Fly(P1, ORD, ATL)
Fly(P2, ORD, ATL)
Fly(P1, ATL, JFK)
Fly(P2, ATL, SFO)
Unload(P1, JFK, C2)
Fly(P2, SFO, ORD)
Fly(P1, JFK, ORD)
Fly(P2, ORD, ATL)
Fly(P1, ORD, ATL)
Fly(P2, ATL, JFK)
Fly(P1, ATL, SFO)
Load(P1, SFO, C1)
Fly(P1, SFO, ORD)
Fly(P2, JFK, ORD)
Fly(P1, ORD, ATL)
Fly(P2, ORD, ATL)
Fly(P1, ATL, JFK)
Fly(P2, ATL, SFO)
Unload(P1, JFK, C1)
Fly(P2, SFO, ORD)
Fly(P1, JFK, ORD)
Fly(P2, ORD, JFK)
Fly(P1, ORD, SFO)
Load(P2, JFK, C4)
Fly(P1, SFO, ATL)
Fly(P2, JFK, SFO)
Fly(P1, ATL, ORD)
Unload(P2, SFO, C4)
Fly(P1, ORD, SFO)
Fly(P2, SFO, ORD)
Fly(P1, SFO, ATL)
Fly(P2, ORD, JFK)
Fly(P1, ATL, JFK)
Fly(P2, JFK, ATL)
Load(P1, JFK, C2)
Fly(P2, ATL, ORD)
Fly(P1, JFK, ORD)
Fly(P2, ORD, SFO)
Fly(P1, ORD, ATL)
Fly(P2, SFO, JFK)
Fly(P1, ATL, SFO)
Unload(P1, SFO, C2)
Fly(P1, SFO, ORD)
Fly(P2, JFK, ORD)
Fly(P1, ORD, ATL)
Fly(P2, ORD, ATL)
Fly(P1, ATL, JFK)
Fly(P2, ATL, SFO)
Load(P2, SFO, C4)
Fly(P2, SFO, ORD)
Fly(P1, JFK, SFO)
Fly(P2, ORD, ATL)
Load(P2, ATL, C3)
Fly(P2, ATL, ORD)
Fly(P1, SFO, ORD)
Fly(P2, ORD, SFO)
Fly(P1, ORD, ATL)
Fly(P2, SFO, JFK)
Fly(P1, ATL, JFK)
Unload(P2, JFK, C4)
Fly(P2, JFK, ORD)
Fly(P1, JFK, ORD)
Fly(P2, ORD, ATL)
Fly(P1, ORD, ATL)
Fly(P2, ATL, SFO)
Fly(P1, ATL, SFO)
Unload(P2, SFO, C3)
Fly(P2, SFO, ORD)
Fly(P1, SFO, ORD)
Fly(P2, ORD, ATL)
Fly(P1, ORD, ATL)
Fly(P2, ATL, JFK)
Fly(P1, ATL, JFK)
Load(P2, JFK, C4)
Fly(P2, JFK, ORD)
Fly(P1, JFK, ORD)
Fly(P2, ORD, ATL)
Fly(P1, ORD, ATL)
Unload(P2, ATL, C4)
Fly(P2, ATL, ORD)
Fly(P1, ATL, ORD)
Fly(P2, ORD, SFO)
Fly(P1, ORD, SFO)
Fly(P2, SFO, JFK)
Fly(P1, SFO, JFK)
Load(P2, JFK, C1)
Fly(P2, JFK, ORD)
Fly(P1, JFK, ORD)
Fly(P2, ORD, ATL)
Fly(P1, ORD, ATL)
Fly(P2, ATL, SFO)
Fly(P1, ATL, SFO)
Unload(P2, SFO, C1)
Fly(P2, SFO, ORD)
Fly(P1, SFO, ORD)
Fly(P2, ORD, ATL)
Fly(P1, ORD, ATL)
Fly(P2, ATL, JFK)
Load(P1, ATL, C4)
Fly(P1, ATL, SFO)
Fly(P2, JFK, ORD)
Fly(P1, SFO, JFK)
Fly(P2, ORD, ATL)
Fly(P1, JFK, ORD)
Fly(P2, ATL, SFO)
Load(P2, SFO, C3)
Fly(P1, ORD, ATL)
Fly(P2, SFO, ORD)
Fly(P1, ATL, SFO)
Fly(P2, ORD, JFK)
Fly(P1, SFO, JFK)
Unload(P2, JFK, C3)
Fly(P2, JFK, ORD)
Fly(P1, JFK, ATL)
Fly(P2, ORD, ATL)
Fly(P1, ATL, ORD)
Fly(P2, ATL, SFO)
Fly(P1, ORD, SFO)
Unload(P1, SFO, C4)
Fly(P2, SFO, ORD)
Fly(P1, SFO, ORD)
Fly(P2, ORD, ATL)
Fly(P1, ORD, ATL)
Fly(P2, ATL, JFK)
Fly(P1, ATL, JFK)
Load(P2, JFK, C3)
Fly(P2, JFK, ORD)
Fly(P1, JFK, ORD)
Fly(P2, ORD, ATL)
Fly(P1, ORD, ATL)
Fly(P2, ATL, SFO)
Fly(P1, ATL, SFO)
Unload(P2, SFO, C3)
Fly(P1, SFO, ORD)
Load(P2, SFO, C4)
Fly(P1, ORD, ATL)
Fly(P2, SFO, JFK)
Fly(P1, ATL, SFO)
Fly(P2, JFK, ORD)
Load(P1, SFO, C3)
Fly(P2, ORD, ATL)
Fly(P1, SFO, ORD)
Fly(P2, ATL, SFO)
Fly(P1, ORD, ATL)
Fly(P2, SFO, JFK)
Fly(P1, ATL, JFK)
Unload(P2, JFK, C4)
Fly(P2, JFK, ORD)
Fly(P1, JFK, ORD)
Fly(P2, ORD, ATL)
Fly(P1, ORD, SFO)
Fly(P2, ATL, SFO)
Fly(P1, SFO, ATL)
Load(P2, SFO, C2)
Fly(P1, ATL, ORD)
Fly(P2, SFO, ORD)
Fly(P1, ORD, SFO)
Fly(P2, ORD, ATL)
Fly(P1, SFO, JFK)
Fly(P2, ATL, JFK)
Unload(P2, JFK, C2)
Fly(P2, JFK, ORD)
Fly(P1, JFK, ORD)
Fly(P2, ORD, ATL)
Fly(P1, ORD, SFO)
Fly(P2, ATL, SFO)
Fly(P1, SFO, ATL)
Load(P2, SFO, C1)
Fly(P1, ATL, ORD)
Fly(P2, SFO, ORD)
Fly(P1, ORD, SFO)
Fly(P2, ORD, ATL)
Fly(P1, SFO, JFK)
Fly(P2, ATL, JFK)
Load(P2, JFK, C4)
Fly(P2, JFK, ORD)
Fly(P1, JFK, ORD)
Fly(P2, ORD, ATL)
Fly(P1, ORD, ATL)
Fly(P2, ATL, SFO)
Fly(P1, ATL, SFO)
Unload(P2, SFO, C4)
Fly(P2, SFO, ORD)
Fly(P1, SFO, ORD)
Fly(P2, ORD, ATL)
Fly(P1, ORD, ATL)
Fly(P2, ATL, JFK)
Fly(P1, ATL, JFK)
Unload(P2, JFK, C1)
Fly(P2, JFK, ORD)
Fly(P1, JFK, ORD)
Fly(P2, ORD, ATL)
Fly(P1, ORD, ATL)
Fly(P2, ATL, SFO)
Fly(P1, ATL, SFO)
Unload(P1, SFO, C3)
Fly(P2, SFO, ORD)
Fly(P1, SFO, ORD)
Fly(P2, ORD, ATL)
Fly(P1, ORD, ATL)
Fly(P2, ATL, JFK)
Fly(P1, ATL, JFK)
Load(P2, JFK, C2)
Fly(P2, JFK, ORD)
Fly(P1, JFK, ORD)
Fly(P2, ORD, ATL)
Fly(P1, ORD, ATL)
Fly(P2, ATL, SFO)
Fly(P1, ATL, SFO)
Unload(P2, SFO, C2)
Fly(P2, SFO, ORD)
Fly(P1, SFO, ORD)
Fly(P2, ORD, ATL)
Fly(P1, ORD, ATL)
Fly(P2, ATL, JFK)
Fly(P1, ATL, JFK)
Load(P2, JFK, C1)
Fly(P2, JFK, ORD)
Fly(P1, JFK, ORD)
Fly(P2, ORD, ATL)
Fly(P1, ORD, ATL)
Fly(P2, ATL, SFO)
Load(P2, SFO, C2)
Fly(P1, ATL, ORD)
Fly(P2, SFO, ORD)
Fly(P1, ORD, SFO)
Fly(P2, ORD, ATL)
Fly(P1, SFO, JFK)
Unload(P2, ATL, C2)
Fly(P2, ATL, ORD)
Fly(P1, JFK, ORD)
Fly(P2, ORD, SFO)
Fly(P1, ORD, ATL)
Fly(P2, SFO, JFK)
Fly(P1, ATL, SFO)
Unload(P2, JFK, C1)
Fly(P1, SFO, ORD)
Fly(P2, JFK, ORD)
Fly(P1, ORD, ATL)
Fly(P2, ORD, SFO)
Fly(P1, ATL, JFK)
Fly(P2, SFO, ATL)
Load(P1, JFK, C1)
Fly(P2, ATL, ORD)
Fly(P1, JFK, ORD)
Fly(P2, ORD, SFO)
Fly(P1, ORD, ATL)
Fly(P2, SFO, JFK)
Fly(P1, ATL, SFO)
Unload(P1, SFO, C1)
Fly(P1, SFO, ORD)
Fly(P2, JFK, ORD)
Fly(P1, ORD, ATL)
Fly(P2, ORD, ATL)
Fly(P1, ATL, JFK)
Fly(P2, ATL, SFO)
Load(P2, SFO, C4)
Fly(P2, SFO, ORD)
Fly(P1, JFK, ORD)
Fly(P2, ORD, ATL)
Fly(P1, ORD, ATL)
Fly(P2, ATL, JFK)
Fly(P1, ATL, SFO)
Unload(P2, JFK, C4)
Fly(P1, SFO, ORD)
Fly(P2, JFK, ORD)
Fly(P1, ORD, ATL)
Fly(P2, ORD, ATL)
Fly(P1, ATL, JFK)
Fly(P2, ATL, SFO)
Load(P2, SFO, C3)
Fly(P2, SFO, ORD)
Fly(P1, JFK, ORD)
Fly(P2, ORD, ATL)
Fly(P1, ORD, ATL)
Fly(P2, ATL, JFK)
Fly(P1, ATL, SFO)
Unload(P2, JFK, C3)
Fly(P1, SFO, ORD)
Fly(P2, JFK, ORD)
Fly(P1, ORD, ATL)
Fly(P2, ORD, ATL)
Fly(P1, ATL, JFK)
Fly(P2, ATL, SFO)
Load(P2, SFO, C1)
Fly(P2, SFO, ORD)
Fly(P1, JFK, ORD)
Fly(P2, ORD, ATL)
Fly(P1, ORD, ATL)
Fly(P2, ATL, JFK)
Fly(P1, ATL, SFO)
Unload(P2, JFK, C1)
Fly(P1, SFO, ORD)
Fly(P2, JFK, ORD)
Fly(P1, ORD, ATL)
Fly(P2, ORD, ATL)
Fly(P1, ATL, JFK)
Fly(P2, ATL, SFO)
Load(P1, JFK, C4)
Fly(P2, SFO, ORD)
Fly(P1, JFK, ORD)
Fly(P2, ORD, ATL)
Fly(P1, ORD, ATL)
Fly(P2, ATL, JFK)
Fly(P1, ATL, SFO)
Unload(P1, SFO, C4)
Fly(P1, SFO, ORD)
Fly(P2, JFK, ORD)
Fly(P1, ORD, ATL)
Fly(P2, ORD, ATL)
Fly(P1, ATL, JFK)
Fly(P2, ATL, SFO)
Load(P2, SFO, C4)
Fly(P2, SFO, ORD)
Fly(P1, JFK, ORD)
Fly(P2, ORD, ATL)
Fly(P1, ORD, ATL)
Fly(P2, ATL, JFK)
Load(P1, ATL, C2)
Fly(P1, ATL, ORD)
Fly(P2, JFK, ORD)
Fly(P1, ORD, SFO)
Fly(P2, ORD, ATL)
Unload(P2, ATL, C4)
Fly(P2, ATL, ORD)
Fly(P1, SFO, ORD)
Fly(P2, ORD, SFO)
Fly(P1, ORD, ATL)
Fly(P2, SFO, JFK)
Fly(P1, ATL, JFK)
Load(P2, JFK, C3)
Fly(P2, JFK, ORD)
Fly(P1, JFK, ORD)
Fly(P2, ORD, ATL)
Fly(P1, ORD, ATL)
Fly(P2, ATL, SFO)
Unload(P1, ATL, C2)
Fly(P1, ATL, ORD)
Fly(P2, SFO, ORD)
Fly(P1, ORD, SFO)
Fly(P2, ORD, ATL)
Fly(P1, SFO, JFK)
Fly(P2, ATL, JFK)
Unload(P2, JFK, C3)
Fly(P2, JFK, ORD)
Fly(P1, JFK, ORD)
Fly(P2, ORD, SFO)
Fly(P1, ORD, SFO)
Fly(P2, SFO, ATL)
Load(P2, ATL, C2)
Fly(P2, ATL, ORD)
Fly(P1, SFO, ORD)
Fly(P2, ORD, SFO)
Fly(P1, ORD, ATL)
Unload(P2, SFO, C2)
Fly(P1, ATL, SFO)
Fly(P2, SFO, JFK)
Fly(P1, SFO, ORD)
Fly(P2, JFK, ORD)
Fly(P1, ORD, JFK)
Fly(P2, ORD, ATL)
Load(P2, ATL, C4)
Fly(P2, ATL, ORD)
Fly(P1, JFK, ORD)
Fly(P2, ORD, SFO)
Fly(P1, ORD, ATL)
Unload(P2, SFO, C4)

